2025-04-04 04:53:41.585433 - Received SBGOLOB.CBT509.FILE134 from FILE134.XMI 
2025-04-04 04:53:41.592712 - Found $$$#DATE.txt (text/plain) in SBGOLOB.CBT509.FILE134, moved to PDS/$$$#DATE
2025-04-04 04:53:41.592908 - Found $$$BRIEF.txt (text/plain) in SBGOLOB.CBT509.FILE134, moved to PDS/$$$BRIEF
2025-04-04 04:53:41.593065 - Found $$$INTRO.txt (text/plain) in SBGOLOB.CBT509.FILE134, moved to PDS/$$$INTRO
2025-04-04 04:53:41.593205 - Found $$IEFU83.txt (text/plain) in SBGOLOB.CBT509.FILE134, moved to PDS/$$IEFU83
2025-04-04 04:53:41.593410 - Found $$INDEX.txt (text/plain) in SBGOLOB.CBT509.FILE134, moved to PDS/$$INDEX
2025-04-04 04:53:41.593540 - Found $$INDEX2.txt (text/plain) in SBGOLOB.CBT509.FILE134, moved to PDS/$$INDEX2
2025-04-04 04:53:41.593679 - Found $$INDEX3.txt (text/plain) in SBGOLOB.CBT509.FILE134, moved to PDS/$$INDEX3
2025-04-04 04:53:41.593799 - Found $$INDEX4.txt (text/plain) in SBGOLOB.CBT509.FILE134, moved to PDS/$$INDEX4
2025-04-04 04:53:41.593923 - Found $$INDEX5.txt (text/plain) in SBGOLOB.CBT509.FILE134, moved to PDS/$$INDEX5
2025-04-04 04:53:41.594066 - Found $$INDEX6.txt (text/plain) in SBGOLOB.CBT509.FILE134, moved to PDS/$$INDEX6
2025-04-04 04:53:41.594196 - Found $$INDEX7.txt (text/plain) in SBGOLOB.CBT509.FILE134, moved to PDS/$$INDEX7
2025-04-04 04:53:41.594321 - Found $$INDEX8.txt (text/plain) in SBGOLOB.CBT509.FILE134, moved to PDS/$$INDEX8
2025-04-04 04:53:41.594498 - Found $$INDEX9.txt (text/plain) in SBGOLOB.CBT509.FILE134, moved to PDS/$$INDEX9
2025-04-04 04:53:41.594620 - Found $$INDX10.txt (text/plain) in SBGOLOB.CBT509.FILE134, moved to PDS/$$INDX10
2025-04-04 04:53:41.594729 - Found $$INDX11.txt (text/plain) in SBGOLOB.CBT509.FILE134, moved to PDS/$$INDX11
2025-04-04 04:53:41.594839 - Found $$INDX12.txt (text/plain) in SBGOLOB.CBT509.FILE134, moved to PDS/$$INDX12
2025-04-04 04:53:41.594959 - Found $$INDX13.txt (text/plain) in SBGOLOB.CBT509.FILE134, moved to PDS/$$INDX13
2025-04-04 04:53:41.595082 - Found $$INDX14.txt (text/plain) in SBGOLOB.CBT509.FILE134, moved to PDS/$$INDX14
2025-04-04 04:53:41.595231 - Found $$INDX15.txt (text/plain) in SBGOLOB.CBT509.FILE134, moved to PDS/$$INDX15
2025-04-04 04:53:41.595342 - Found $$INDX16.txt (text/plain) in SBGOLOB.CBT509.FILE134, moved to PDS/$$INDX16
2025-04-04 04:53:41.595461 - Found $$INDX17.txt (text/plain) in SBGOLOB.CBT509.FILE134, moved to PDS/$$INDX17
2025-04-04 04:53:41.595577 - Found $$INDX18.txt (text/plain) in SBGOLOB.CBT509.FILE134, moved to PDS/$$INDX18
2025-04-04 04:53:41.595698 - Found $$INDX19.txt (text/plain) in SBGOLOB.CBT509.FILE134, moved to PDS/$$INDX19
2025-04-04 04:53:41.595845 - Found $$INDX20.txt (text/plain) in SBGOLOB.CBT509.FILE134, moved to PDS/$$INDX20
2025-04-04 04:53:41.595982 - Found $$INDX21.txt (text/plain) in SBGOLOB.CBT509.FILE134, moved to PDS/$$INDX21
2025-04-04 04:53:41.596112 - Found $$INDX22.txt (text/plain) in SBGOLOB.CBT509.FILE134, moved to PDS/$$INDX22
2025-04-04 04:53:41.596222 - Found $$INDX23.txt (text/plain) in SBGOLOB.CBT509.FILE134, moved to PDS/$$INDX23
2025-04-04 04:53:41.596366 - Found $$INDX24.txt (text/plain) in SBGOLOB.CBT509.FILE134, moved to PDS/$$INDX24
2025-04-04 04:53:41.596483 - Found $$INDX25.txt (text/plain) in SBGOLOB.CBT509.FILE134, moved to PDS/$$INDX25
2025-04-04 04:53:41.596591 - Found $$INDX26.txt (text/plain) in SBGOLOB.CBT509.FILE134, moved to PDS/$$INDX26
2025-04-04 04:53:41.596705 - Found $$INDX27.txt (text/plain) in SBGOLOB.CBT509.FILE134, moved to PDS/$$INDX27
2025-04-04 04:53:41.596839 - Found $$INDX28.txt (text/plain) in SBGOLOB.CBT509.FILE134, moved to PDS/$$INDX28
2025-04-04 04:53:41.596957 - Found $$INDX29.txt (text/plain) in SBGOLOB.CBT509.FILE134, moved to PDS/$$INDX29
2025-04-04 04:53:41.597072 - Found $$INDX30.txt (text/plain) in SBGOLOB.CBT509.FILE134, moved to PDS/$$INDX30
2025-04-04 04:53:41.597195 - Found $$INDX31.txt (text/plain) in SBGOLOB.CBT509.FILE134, moved to PDS/$$INDX31
2025-04-04 04:53:41.597327 - Found $$INDX32.txt (text/plain) in SBGOLOB.CBT509.FILE134, moved to PDS/$$INDX32
2025-04-04 04:53:41.597436 - Found $$INDX33.txt (text/plain) in SBGOLOB.CBT509.FILE134, moved to PDS/$$INDX33
2025-04-04 04:53:41.597578 - Found $$INDX34.txt (text/plain) in SBGOLOB.CBT509.FILE134, moved to PDS/$$INDX34
2025-04-04 04:53:41.597691 - Found $$INDX35.txt (text/plain) in SBGOLOB.CBT509.FILE134, moved to PDS/$$INDX35
2025-04-04 04:53:41.597811 - Found $$INDX36.txt (text/plain) in SBGOLOB.CBT509.FILE134, moved to PDS/$$INDX36
2025-04-04 04:53:41.597928 - Found $$INDX37.txt (text/plain) in SBGOLOB.CBT509.FILE134, moved to PDS/$$INDX37
2025-04-04 04:53:41.598048 - Found $$INDX38.txt (text/plain) in SBGOLOB.CBT509.FILE134, moved to PDS/$$INDX38
2025-04-04 04:53:41.598167 - Found $$INDX39.txt (text/plain) in SBGOLOB.CBT509.FILE134, moved to PDS/$$INDX39
2025-04-04 04:53:41.598281 - Found $$INDX40.txt (text/plain) in SBGOLOB.CBT509.FILE134, moved to PDS/$$INDX40
2025-04-04 04:53:41.598388 - Found $$TSDDOC.txt (text/plain) in SBGOLOB.CBT509.FILE134, moved to PDS/$$TSDDOC
2025-04-04 04:53:41.598537 - Found $CRYPT.txt (text/plain) in SBGOLOB.CBT509.FILE134, moved to PDS/$CRYPT
2025-04-04 04:53:41.598651 - Found $FREEAL#.txt (text/plain) in SBGOLOB.CBT509.FILE134, moved to PDS/$FREEAL#
2025-04-04 04:53:41.598810 - Found $FREEALL.txt (text/plain) in SBGOLOB.CBT509.FILE134, moved to PDS/$FREEALL
2025-04-04 04:53:41.598934 - Found $HBLIST.txt (text/plain) in SBGOLOB.CBT509.FILE134, moved to PDS/$HBLIST
2025-04-04 04:53:41.599052 - Found $HBLIST#.txt (text/plain) in SBGOLOB.CBT509.FILE134, moved to PDS/$HBLIST#
2025-04-04 04:53:41.599179 - Found $HMLIST.txt (text/plain) in SBGOLOB.CBT509.FILE134, moved to PDS/$HMLIST
2025-04-04 04:53:41.599471 - Found $HMLIST#.txt (text/plain) in SBGOLOB.CBT509.FILE134, moved to PDS/$HMLIST#
2025-04-04 04:53:41.599594 - Found $HMLISTW.txt (text/plain) in SBGOLOB.CBT509.FILE134, moved to PDS/$HMLISTW
2025-04-04 04:53:41.599710 - Found $INSTALL.jcl (text/plain) in SBGOLOB.CBT509.FILE134, moved to PDS/$INSTALL
2025-04-04 04:53:41.599831 - Found $LISTC.txt (text/plain) in SBGOLOB.CBT509.FILE134, moved to PDS/$LISTC
2025-04-04 04:53:41.599948 - Found $LISTM.txt (text/plain) in SBGOLOB.CBT509.FILE134, moved to PDS/$LISTM
2025-04-04 04:53:41.600076 - Found $LISTX.txt (text/plain) in SBGOLOB.CBT509.FILE134, moved to PDS/$LISTX
2025-04-04 04:53:41.600186 - Found $SPACE.txt (text/plain) in SBGOLOB.CBT509.FILE134, moved to PDS/$SPACE
2025-04-04 04:53:41.600325 - Found $SP3MODS.txt (text/plain) in SBGOLOB.CBT509.FILE134, moved to PDS/$SP3MODS
2025-04-04 04:53:41.600451 - Found $SP4MODS.txt (text/plain) in SBGOLOB.CBT509.FILE134, moved to PDS/$SP4MODS
2025-04-04 04:53:41.600564 - Found $43MODS.txt (text/plain) in SBGOLOB.CBT509.FILE134, moved to PDS/$43MODS
2025-04-04 04:53:41.600671 - Found ##INDX41.txt (text/plain) in SBGOLOB.CBT509.FILE134, moved to PDS/##INDX41
2025-04-04 04:53:41.600777 - Found #PDSTBL.txt (text/plain) in SBGOLOB.CBT509.FILE134, moved to PDS/#PDSTBL
2025-04-04 04:53:41.600904 - Found @FILE134.txt (text/plain) in SBGOLOB.CBT509.FILE134, moved to PDS/@FILE134
2025-04-04 04:53:41.601062 - Found @FILE135.txt (text/plain) in SBGOLOB.CBT509.FILE134, moved to PDS/@FILE135
2025-04-04 04:53:41.601174 - Found @PRINTO.txt (text/plain) in SBGOLOB.CBT509.FILE134, moved to PDS/@PRINTO
2025-04-04 04:53:41.601343 - Found @REVLLIB.xmi (application/xmit) in SBGOLOB.CBT509.FILE134, moved to PDS/@REVLLIB.xmi
2025-04-04 04:53:41.627209 - Received GPRICE.REVIEW.LOAD from @REVLLIB.xmi 
2025-04-04 04:53:41.627592 - Found alias FSH to REVIEW in GPRICE.REVIEW.LOAD, moved to PDS/FSH
2025-04-04 04:53:41.627637 - Found alias FSHELP to REVIEW in GPRICE.REVIEW.LOAD, moved to PDS/FSHELP
2025-04-04 04:53:41.627684 - Found alias HEL to REVIEW in GPRICE.REVIEW.LOAD, moved to PDS/HEL
2025-04-04 04:53:41.627723 - Found alias REV to REVIEW in GPRICE.REVIEW.LOAD, moved to PDS/REV
2025-04-04 04:53:41.627761 - Found alias REVED to REVIEW in GPRICE.REVIEW.LOAD, moved to PDS/REVED
2025-04-04 04:53:41.627950 - Found REVIEW.bin (application/octet-stream) in GPRICE.REVIEW.LOAD, moved to @REVLLIB/REVIEW
2025-04-04 04:53:41.627997 - Found alias REVLEV to REVIEW in GPRICE.REVIEW.LOAD, moved to PDS/REVLEV
2025-04-04 04:53:41.628121 - Found REVLPDS.bin (application/octet-stream) in GPRICE.REVIEW.LOAD, moved to @REVLLIB/REVLPDS
2025-04-04 04:53:41.628170 - Found alias REVOUT to REVIEW in GPRICE.REVIEW.LOAD, moved to PDS/REVOUT
2025-04-04 04:53:41.628285 - Found REVTOCRD.bin (application/octet-stream) in GPRICE.REVIEW.LOAD, moved to @REVLLIB/REVTOCRD
2025-04-04 04:53:41.628329 - Found alias REVVSAM to REVIEW in GPRICE.REVIEW.LOAD, moved to PDS/REVVSAM
2025-04-04 04:53:41.628367 - Found alias RFE to REVIEW in GPRICE.REVIEW.LOAD, moved to PDS/RFE
2025-04-04 04:53:41.629076 - Found ABEND.txt (text/plain) in SBGOLOB.CBT509.FILE134, moved to PDS/ABEND
2025-04-04 04:53:41.629199 - Found ADVENTUR.txt (text/plain) in SBGOLOB.CBT509.FILE134, moved to PDS/ADVENTUR
2025-04-04 04:53:41.629327 - Found ANIM1.txt (text/plain) in SBGOLOB.CBT509.FILE134, moved to PDS/ANIM1
2025-04-04 04:53:41.629443 - Found ANIM2.txt (text/plain) in SBGOLOB.CBT509.FILE134, moved to PDS/ANIM2
2025-04-04 04:53:41.629554 - Found ANIM3.txt (text/plain) in SBGOLOB.CBT509.FILE134, moved to PDS/ANIM3
2025-04-04 04:53:41.629674 - Found ANIM4.txt (text/plain) in SBGOLOB.CBT509.FILE134, moved to PDS/ANIM4
2025-04-04 04:53:41.629819 - Found ANIM5.txt (text/plain) in SBGOLOB.CBT509.FILE134, moved to PDS/ANIM5
2025-04-04 04:53:41.629972 - Found BASSM.txt (text/plain) in SBGOLOB.CBT509.FILE134, moved to PDS/BASSM
2025-04-04 04:53:41.630104 - Found BSM.txt (text/plain) in SBGOLOB.CBT509.FILE134, moved to PDS/BSM
2025-04-04 04:53:41.630230 - Found CDSCB.txt (text/plain) in SBGOLOB.CBT509.FILE134, moved to PDS/CDSCB
2025-04-04 04:53:41.630378 - Found CDSCB$.jcl (text/plain) in SBGOLOB.CBT509.FILE134, moved to PDS/CDSCB$
2025-04-04 04:53:41.630487 - Found CDSCB#.txt (text/plain) in SBGOLOB.CBT509.FILE134, moved to PDS/CDSCB#
2025-04-04 04:53:41.630603 - Found CLRSCRN.bin (application/octet-stream) in SBGOLOB.CBT509.FILE134, moved to PDS/CLRSCRN
2025-04-04 04:53:41.630721 - Found COMPARE.txt (text/plain) in SBGOLOB.CBT509.FILE134, moved to PDS/COMPARE
2025-04-04 04:53:41.630847 - Found COMPARE#.txt (text/plain) in SBGOLOB.CBT509.FILE134, moved to PDS/COMPARE#
2025-04-04 04:53:41.630957 - Found COMPAREB.txt (text/plain) in SBGOLOB.CBT509.FILE134, moved to PDS/COMPAREB
2025-04-04 04:53:41.631076 - Found CONCAT$.jcl (text/plain) in SBGOLOB.CBT509.FILE134, moved to PDS/CONCAT$
2025-04-04 04:53:41.631199 - Found CONCAT#.txt (text/plain) in SBGOLOB.CBT509.FILE134, moved to PDS/CONCAT#
2025-04-04 04:53:41.631397 - Found CONCATEM.txt (text/plain) in SBGOLOB.CBT509.FILE134, moved to PDS/CONCATEM
2025-04-04 04:53:41.631541 - Found CUBE.txt (text/plain) in SBGOLOB.CBT509.FILE134, moved to PDS/CUBE
2025-04-04 04:53:41.631707 - Found DATABASE.bin (application/octet-stream) in SBGOLOB.CBT509.FILE134, moved to PDS/DATABASE
2025-04-04 04:53:41.631845 - Found DCPU.txt (text/plain) in SBGOLOB.CBT509.FILE134, moved to PDS/DCPU
2025-04-04 04:53:41.631961 - Found DCS.txt (text/plain) in SBGOLOB.CBT509.FILE134, moved to PDS/DCS
2025-04-04 04:53:41.632080 - Found DDASD.txt (text/plain) in SBGOLOB.CBT509.FILE134, moved to PDS/DDASD
2025-04-04 04:53:41.632211 - Found DDASD$.jcl (text/plain) in SBGOLOB.CBT509.FILE134, moved to PDS/DDASD$
2025-04-04 04:53:41.632326 - Found DDASDO.txt (text/plain) in SBGOLOB.CBT509.FILE134, moved to PDS/DDASDO
2025-04-04 04:53:41.632438 - Found DECDATE.txt (text/plain) in SBGOLOB.CBT509.FILE134, moved to PDS/DECDATE
2025-04-04 04:53:41.632553 - Found DECIDER.txt (text/plain) in SBGOLOB.CBT509.FILE134, moved to PDS/DECIDER
2025-04-04 04:53:41.632693 - Found DIVER.txt (text/plain) in SBGOLOB.CBT509.FILE134, moved to PDS/DIVER
2025-04-04 04:53:41.632805 - Found DIVEROBJ.bin (application/octet-stream) in SBGOLOB.CBT509.FILE134, moved to PDS/DIVEROBJ
2025-04-04 04:53:41.632934 - Found DUPTIME.txt (text/plain) in SBGOLOB.CBT509.FILE134, moved to PDS/DUPTIME
2025-04-04 04:53:41.633058 - Found DYNALC.txt (text/plain) in SBGOLOB.CBT509.FILE134, moved to PDS/DYNALC
2025-04-04 04:53:41.633173 - Found EDBOX.txt (text/plain) in SBGOLOB.CBT509.FILE134, moved to PDS/EDBOX
2025-04-04 04:53:41.633284 - Found EDPRT.txt (text/plain) in SBGOLOB.CBT509.FILE134, moved to PDS/EDPRT
2025-04-04 04:53:41.633412 - Found EDUNBOX.txt (text/plain) in SBGOLOB.CBT509.FILE134, moved to PDS/EDUNBOX
2025-04-04 04:53:41.633524 - Found EDUNPRT.txt (text/plain) in SBGOLOB.CBT509.FILE134, moved to PDS/EDUNPRT
2025-04-04 04:53:41.633642 - Found EDVIO.txt (text/plain) in SBGOLOB.CBT509.FILE134, moved to PDS/EDVIO
2025-04-04 04:53:41.633752 - Found FLAG.txt (text/plain) in SBGOLOB.CBT509.FILE134, moved to PDS/FLAG
2025-04-04 04:53:41.633863 - Found GE2.txt (text/plain) in SBGOLOB.CBT509.FILE134, moved to PDS/GE2
2025-04-04 04:53:41.634028 - Found GRPSTR.txt (text/plain) in SBGOLOB.CBT509.FILE134, moved to PDS/GRPSTR
2025-04-04 04:53:41.634141 - Found HEL$.txt (text/plain) in SBGOLOB.CBT509.FILE134, moved to PDS/HEL$
2025-04-04 04:53:41.634310 - Found IEFUJI.txt (text/plain) in SBGOLOB.CBT509.FILE134, moved to PDS/IEFUJI
2025-04-04 04:53:41.634433 - Found IEFUJV.txt (text/plain) in SBGOLOB.CBT509.FILE134, moved to PDS/IEFUJV
2025-04-04 04:53:41.634549 - Found IEFU83.txt (text/plain) in SBGOLOB.CBT509.FILE134, moved to PDS/IEFU83
2025-04-04 04:53:41.634669 - Found IKJEFF10.txt (text/plain) in SBGOLOB.CBT509.FILE134, moved to PDS/IKJEFF10
2025-04-04 04:53:41.634782 - Found IKJEFF53.txt (text/plain) in SBGOLOB.CBT509.FILE134, moved to PDS/IKJEFF53
2025-04-04 04:53:41.634918 - Found IKJEFLD3.jcl (text/plain) in SBGOLOB.CBT509.FILE134, moved to PDS/IKJEFLD3
2025-04-04 04:53:41.635049 - Found IMAGE1.txt (text/plain) in SBGOLOB.CBT509.FILE134, moved to PDS/IMAGE1
2025-04-04 04:53:41.635161 - Found IMAGE2.txt (text/plain) in SBGOLOB.CBT509.FILE134, moved to PDS/IMAGE2
2025-04-04 04:53:41.635272 - Found IMSSIGN.txt (text/plain) in SBGOLOB.CBT509.FILE134, moved to PDS/IMSSIGN
2025-04-04 04:53:41.635400 - Found ISR@PRIM.txt (text/plain) in SBGOLOB.CBT509.FILE134, moved to PDS/ISR@PRIM
2025-04-04 04:53:41.635512 - Found JOBCLASS.txt (text/plain) in SBGOLOB.CBT509.FILE134, moved to PDS/JOBCLASS
2025-04-04 04:53:41.635636 - Found JOTTO.txt (text/plain) in SBGOLOB.CBT509.FILE134, moved to PDS/JOTTO
2025-04-04 04:53:41.635756 - Found LASTCC.txt (text/plain) in SBGOLOB.CBT509.FILE134, moved to PDS/LASTCC
2025-04-04 04:53:41.635863 - Found LDEFIPCS.txt (text/plain) in SBGOLOB.CBT509.FILE134, moved to PDS/LDEFIPCS
2025-04-04 04:53:41.635970 - Found LDEFISMF.txt (text/plain) in SBGOLOB.CBT509.FILE134, moved to PDS/LDEFISMF
2025-04-04 04:53:41.636097 - Found LDEFSMPE.txt (text/plain) in SBGOLOB.CBT509.FILE134, moved to PDS/LDEFSMPE
2025-04-04 04:53:41.636209 - Found LDEFSORT.txt (text/plain) in SBGOLOB.CBT509.FILE134, moved to PDS/LDEFSORT
2025-04-04 04:53:41.636337 - Found LIFE.txt (text/plain) in SBGOLOB.CBT509.FILE134, moved to PDS/LIFE
2025-04-04 04:53:41.636469 - Found LISTBCDS.txt (text/plain) in SBGOLOB.CBT509.FILE134, moved to PDS/LISTBCDS
2025-04-04 04:53:41.636697 - Found LISTICAT.bin (application/octet-stream) in SBGOLOB.CBT509.FILE134, moved to PDS/LISTICAT
2025-04-04 04:53:41.636809 - Found LISTMCDS.txt (text/plain) in SBGOLOB.CBT509.FILE134, moved to PDS/LISTMCDS
2025-04-04 04:53:41.636928 - Found LISTVOL.txt (text/plain) in SBGOLOB.CBT509.FILE134, moved to PDS/LISTVOL
2025-04-04 04:53:41.637043 - Found LISTVOL$.jcl (text/plain) in SBGOLOB.CBT509.FILE134, moved to PDS/LISTVOL$
2025-04-04 04:53:41.637163 - Found LSTWMCDS.txt (text/plain) in SBGOLOB.CBT509.FILE134, moved to PDS/LSTWMCDS
2025-04-04 04:53:41.637279 - Found MSGASIDX.txt (text/plain) in SBGOLOB.CBT509.FILE134, moved to PDS/MSGASIDX
2025-04-04 04:53:41.637404 - Found MULTITSO.txt (text/plain) in SBGOLOB.CBT509.FILE134, moved to PDS/MULTITSO
2025-04-04 04:53:41.637543 - Found OACDROP.txt (text/plain) in SBGOLOB.CBT509.FILE134, moved to PDS/OACDROP
2025-04-04 04:53:41.637672 - Found OACGBLS.txt (text/plain) in SBGOLOB.CBT509.FILE134, moved to PDS/OACGBLS
2025-04-04 04:53:41.637811 - Found OACINNER.txt (text/plain) in SBGOLOB.CBT509.FILE134, moved to PDS/OACINNER
2025-04-04 04:53:41.637936 - Found OACINUSE.txt (text/plain) in SBGOLOB.CBT509.FILE134, moved to PDS/OACINUSE
2025-04-04 04:53:41.638063 - Found OACPRTPM.txt (text/plain) in SBGOLOB.CBT509.FILE134, moved to PDS/OACPRTPM
2025-04-04 04:53:41.638253 - Found OACTMP.txt (text/plain) in SBGOLOB.CBT509.FILE134, moved to PDS/OACTMP
2025-04-04 04:53:41.638371 - Found OACUSING.txt (text/plain) in SBGOLOB.CBT509.FILE134, moved to PDS/OACUSING
2025-04-04 04:53:41.638501 - Found PDSETEST.txt (text/plain) in SBGOLOB.CBT509.FILE134, moved to PDS/PDSETEST
2025-04-04 04:53:41.638615 - Found PGMCOMP.jcl (text/plain) in SBGOLOB.CBT509.FILE134, moved to PDS/PGMCOMP
2025-04-04 04:53:41.638727 - Found PGMINIT.txt (text/plain) in SBGOLOB.CBT509.FILE134, moved to PDS/PGMINIT
2025-04-04 04:53:41.638888 - Found PGMINST.txt (text/plain) in SBGOLOB.CBT509.FILE134, moved to PDS/PGMINST
2025-04-04 04:53:41.639026 - Found PROGRAM.txt (text/plain) in SBGOLOB.CBT509.FILE134, moved to PDS/PROGRAM
2025-04-04 04:53:41.639142 - Found PS.txt (text/plain) in SBGOLOB.CBT509.FILE134, moved to PDS/PS
2025-04-04 04:53:41.639249 - Found PS2.txt (text/plain) in SBGOLOB.CBT509.FILE134, moved to PDS/PS2
2025-04-04 04:53:41.639360 - Found PS3.txt (text/plain) in SBGOLOB.CBT509.FILE134, moved to PDS/PS3
2025-04-04 04:53:41.639483 - Found PS4.txt (text/plain) in SBGOLOB.CBT509.FILE134, moved to PDS/PS4
2025-04-04 04:53:41.639592 - Found PS5.txt (text/plain) in SBGOLOB.CBT509.FILE134, moved to PDS/PS5
2025-04-04 04:53:41.639703 - Found PS6.txt (text/plain) in SBGOLOB.CBT509.FILE134, moved to PDS/PS6
2025-04-04 04:53:41.639877 - Found PS7.txt (text/plain) in SBGOLOB.CBT509.FILE134, moved to PDS/PS7
2025-04-04 04:53:41.639993 - Found RANDOM.rexx (text/plain) in SBGOLOB.CBT509.FILE134, moved to PDS/RANDOM
2025-04-04 04:53:41.640100 - Found RANDU.txt (text/plain) in SBGOLOB.CBT509.FILE134, moved to PDS/RANDU
2025-04-04 04:53:41.640210 - Found RANDUOBJ.bin (application/octet-stream) in SBGOLOB.CBT509.FILE134, moved to PDS/RANDUOBJ
2025-04-04 04:53:41.640320 - Found REV$UNLD.jcl (text/plain) in SBGOLOB.CBT509.FILE134, moved to PDS/REV$UNLD
2025-04-04 04:53:41.643612 - Found REVASM.xmi (application/xmit) in SBGOLOB.CBT509.FILE134, moved to PDS/REVASM.xmi
2025-04-04 04:53:42.765981 - Received GREG.REVIEW.ASM from REVASM.xmi 
2025-04-04 04:53:42.767586 - Found MARKER.txt (text/plain) in GREG.REVIEW.ASM, moved to REVASM/MARKER
2025-04-04 04:53:42.767726 - Found PDS$MVS.jcl (text/plain) in GREG.REVIEW.ASM, moved to REVASM/PDS$MVS
2025-04-04 04:53:42.767850 - Found PDS$ZOS.jcl (text/plain) in GREG.REVIEW.ASM, moved to REVASM/PDS$ZOS
2025-04-04 04:53:42.768209 - Found PDSLOADW.txt (text/plain) in GREG.REVIEW.ASM, moved to REVASM/PDSLOADW
2025-04-04 04:53:42.768338 - Found REV$CRWZ.jcl (text/plain) in GREG.REVIEW.ASM, moved to REVASM/REV$CRWZ
2025-04-04 04:53:42.768450 - Found REV$IOBJ.jcl (text/plain) in GREG.REVIEW.ASM, moved to REVASM/REV$IOBJ
2025-04-04 04:53:42.768572 - Found REV$LINK.jcl (text/plain) in GREG.REVIEW.ASM, moved to REVASM/REV$LINK
2025-04-04 04:53:42.768682 - Found REV$LMOD.jcl (text/plain) in GREG.REVIEW.ASM, moved to REVASM/REV$LMOD
2025-04-04 04:53:42.768795 - Found REV$LPDS.jcl (text/plain) in GREG.REVIEW.ASM, moved to REVASM/REV$LPDS
2025-04-04 04:53:42.768914 - Found REV$MVS.jcl (text/plain) in GREG.REVIEW.ASM, moved to REVASM/REV$MVS
2025-04-04 04:53:42.769036 - Found REV$PACK.jcl (text/plain) in GREG.REVIEW.ASM, moved to REVASM/REV$PACK
2025-04-04 04:53:42.769152 - Found REV$VTOC.jcl (text/plain) in GREG.REVIEW.ASM, moved to REVASM/REV$VTOC
2025-04-04 04:53:42.769268 - Found REV$ZASM.jcl (text/plain) in GREG.REVIEW.ASM, moved to REVASM/REV$ZASM
2025-04-04 04:53:42.769391 - Found REV$ZOS.jcl (text/plain) in GREG.REVIEW.ASM, moved to REVASM/REV$ZOS
2025-04-04 04:53:42.769519 - Found REVCMPBF.txt (text/plain) in GREG.REVIEW.ASM, moved to REVASM/REVCMPBF
2025-04-04 04:53:42.769630 - Found REVCOPY.jcl (text/plain) in GREG.REVIEW.ASM, moved to REVASM/REVCOPY
2025-04-04 04:53:42.769779 - Found REVCRW.txt (text/plain) in GREG.REVIEW.ASM, moved to REVASM/REVCRW
2025-04-04 04:53:42.769943 - Found REVDB2PG.txt (text/plain) in GREG.REVIEW.ASM, moved to REVASM/REVDB2PG
2025-04-04 04:53:42.770055 - Found REVDUMY.txt (text/plain) in GREG.REVIEW.ASM, moved to REVASM/REVDUMY
2025-04-04 04:53:42.770421 - Found REVEDIT.txt (text/plain) in GREG.REVIEW.ASM, moved to REVASM/REVEDIT
2025-04-04 04:53:42.770580 - Found REVEXASM.jcl (text/plain) in GREG.REVIEW.ASM, moved to REVASM/REVEXASM
2025-04-04 04:53:42.770720 - Found REVEXRUN.jcl (text/plain) in GREG.REVIEW.ASM, moved to REVASM/REVEXRUN
2025-04-04 04:53:42.770906 - Found REVEXSYM.txt (text/plain) in GREG.REVIEW.ASM, moved to REVASM/REVEXSYM
2025-04-04 04:53:42.771025 - Found REVEX370.jcl (text/plain) in GREG.REVIEW.ASM, moved to REVASM/REVEX370
2025-04-04 04:53:42.771139 - Found REVGEN.txt (text/plain) in GREG.REVIEW.ASM, moved to REVASM/REVGEN
2025-04-04 04:53:42.771592 - Found REVIEW.txt (text/plain) in GREG.REVIEW.ASM, moved to REVASM/REVIEW
2025-04-04 04:53:42.771739 - Found REVINFLT.txt (text/plain) in GREG.REVIEW.ASM, moved to REVASM/REVINFLT
2025-04-04 04:53:42.771920 - Found REVLEVL.txt (text/plain) in GREG.REVIEW.ASM, moved to REVASM/REVLEVL
2025-04-04 04:53:42.772031 - Found REVLMOD.txt (text/plain) in GREG.REVIEW.ASM, moved to REVASM/REVLMOD
2025-04-04 04:53:42.772145 - Found REVLPDS.txt (text/plain) in GREG.REVIEW.ASM, moved to REVASM/REVLPDS
2025-04-04 04:53:42.772257 - Found REVLSAMP.jcl (text/plain) in GREG.REVIEW.ASM, moved to REVASM/REVLSAMP
2025-04-04 04:53:42.772403 - Found REVMENU.txt (text/plain) in GREG.REVIEW.ASM, moved to REVASM/REVMENU
2025-04-04 04:53:42.772541 - Found REVMSGS.txt (text/plain) in GREG.REVIEW.ASM, moved to REVASM/REVMSGS
2025-04-04 04:53:42.772664 - Found REVPROF.bin (application/octet-stream) in GREG.REVIEW.ASM, moved to REVASM/REVPROF
2025-04-04 04:53:42.772781 - Found REVRTF.txt (text/plain) in GREG.REVIEW.ASM, moved to REVASM/REVRTF
2025-04-04 04:53:42.772930 - Found REVSMF.txt (text/plain) in GREG.REVIEW.ASM, moved to REVASM/REVSMF
2025-04-04 04:53:42.773048 - Found REVSMF$.jcl (text/plain) in GREG.REVIEW.ASM, moved to REVASM/REVSMF$
2025-04-04 04:53:42.773407 - Found REVSUBS.txt (text/plain) in GREG.REVIEW.ASM, moved to REVASM/REVSUBS
2025-04-04 04:53:42.773605 - Found REVSUBS2.txt (text/plain) in GREG.REVIEW.ASM, moved to REVASM/REVSUBS2
2025-04-04 04:53:42.773753 - Found REVTAPE.txt (text/plain) in GREG.REVIEW.ASM, moved to REVASM/REVTAPE
2025-04-04 04:53:42.774033 - Found REVTOCRD.txt (text/plain) in GREG.REVIEW.ASM, moved to REVASM/REVTOCRD
2025-04-04 04:53:42.777907 - Found REVCAT.txt (text/plain) in SBGOLOB.CBT509.FILE134, moved to PDS/REVCAT
2025-04-04 04:53:42.778052 - Found REVCLIST.xmi (application/xmit) in SBGOLOB.CBT509.FILE134, moved to PDS/REVCLIST.xmi
2025-04-04 04:53:42.847344 - Received GREG.REVIEW.CLIST from REVCLIST.xmi 
2025-04-04 04:53:42.848004 - Found GUESS#.txt (text/plain) in GREG.REVIEW.CLIST, moved to REVCLIST/GUESS#
2025-04-04 04:53:42.848146 - Found RANDOM.txt (text/plain) in GREG.REVIEW.CLIST, moved to REVCLIST/RANDOM
2025-04-04 04:53:42.848275 - Found REVINIT.txt (text/plain) in GREG.REVIEW.CLIST, moved to REVCLIST/REVINIT
2025-04-04 04:53:42.848404 - Found REVLISTC.txt (text/plain) in GREG.REVIEW.CLIST, moved to REVCLIST/REVLISTC
2025-04-04 04:53:42.848517 - Found REVOUTJB.txt (text/plain) in GREG.REVIEW.CLIST, moved to REVCLIST/REVOUTJB
2025-04-04 04:53:42.848629 - Found REVSB.txt (text/plain) in GREG.REVIEW.CLIST, moved to REVCLIST/REVSB
2025-04-04 04:53:42.848744 - Found REVTAPE.txt (text/plain) in GREG.REVIEW.CLIST, moved to REVCLIST/REVTAPE
2025-04-04 04:53:42.848861 - Found REVUSPDS.txt (text/plain) in GREG.REVIEW.CLIST, moved to REVCLIST/REVUSPDS
2025-04-04 04:53:42.848972 - Found UBOAT.txt (text/plain) in GREG.REVIEW.CLIST, moved to REVCLIST/UBOAT
2025-04-04 04:53:42.849568 - Found REVDATA.xmi (application/xmit) in SBGOLOB.CBT509.FILE134, moved to PDS/REVDATA.xmi
2025-04-04 04:53:43.003768 - Received GREG.REVIEW.DATA from REVDATA.xmi 
2025-04-04 04:53:43.005590 - Found $$README.txt (text/plain) in GREG.REVIEW.DATA, moved to REVDATA/$$README
2025-04-04 04:53:43.005979 - Found $READTXT.txt (text/plain) in GREG.REVIEW.DATA, moved to REVDATA/$READTXT
2025-04-04 04:53:43.006106 - Found $REVC370.jcl (text/plain) in GREG.REVIEW.DATA, moved to REVDATA/$REVC370
2025-04-04 04:53:43.006231 - Found LOADCLST.jcl (text/plain) in GREG.REVIEW.DATA, moved to REVDATA/LOADCLST
2025-04-04 04:53:43.006342 - Found LOADHELP.jcl (text/plain) in GREG.REVIEW.DATA, moved to REVDATA/LOADHELP
2025-04-04 04:53:43.006451 - Found LOADLOAD.jcl (text/plain) in GREG.REVIEW.DATA, moved to REVDATA/LOADLOAD
2025-04-04 04:53:43.006577 - Found MINIZIP#.txt (text/plain) in GREG.REVIEW.DATA, moved to REVDATA/MINIZIP#
2025-04-04 04:53:43.006760 - Found OFFLMOD.txt (text/plain) in GREG.REVIEW.DATA, moved to REVDATA/OFFLMOD
2025-04-04 04:53:43.006896 - Found OFFLSAMP.jcl (text/plain) in GREG.REVIEW.DATA, moved to REVDATA/OFFLSAMP
2025-04-04 04:53:43.007036 - Found REVLMOD.txt (text/plain) in GREG.REVIEW.DATA, moved to REVDATA/REVLMOD
2025-04-04 04:53:43.007168 - Found REVLSAMP.jcl (text/plain) in GREG.REVIEW.DATA, moved to REVDATA/REVLSAMP
2025-04-04 04:53:43.007931 - Found REVNOTES.txt (text/plain) in GREG.REVIEW.DATA, moved to REVDATA/REVNOTES
2025-04-04 04:53:43.008086 - Found REVPROF.bin (application/octet-stream) in GREG.REVIEW.DATA, moved to REVDATA/REVPROF
2025-04-04 04:53:43.009062 - Found REVHELP.xmi (application/xmit) in SBGOLOB.CBT509.FILE134, moved to PDS/REVHELP.xmi
2025-04-04 04:53:43.222723 - Received GREG.REVIEW.HELP from REVHELP.xmi 
2025-04-04 04:53:43.223371 - Found alias FSH to FSHELP in GREG.REVIEW.HELP, moved to PDS/FSH
2025-04-04 04:53:43.223615 - Found FSHELP.txt (text/plain) in GREG.REVIEW.HELP, moved to REVHELP/FSHELP
2025-04-04 04:53:43.223673 - Found alias HEL to FSHELP in GREG.REVIEW.HELP, moved to PDS/HEL
2025-04-04 04:53:43.223714 - Found alias REV to REVIEW in GREG.REVIEW.HELP, moved to PDS/REV
2025-04-04 04:53:43.223757 - Found alias REVED to REVEDIT in GREG.REVIEW.HELP, moved to PDS/REVED
2025-04-04 04:53:43.223901 - Found REVEDIT.txt (text/plain) in GREG.REVIEW.HELP, moved to REVHELP/REVEDIT
2025-04-04 04:53:43.224054 - Found REVIEW.txt (text/plain) in GREG.REVIEW.HELP, moved to REVHELP/REVIEW
2025-04-04 04:53:43.224172 - Found REVLEV.txt (text/plain) in GREG.REVIEW.HELP, moved to REVHELP/REVLEV
2025-04-04 04:53:43.224288 - Found REVOUT.txt (text/plain) in GREG.REVIEW.HELP, moved to REVHELP/REVOUT
2025-04-04 04:53:43.224413 - Found REVPDS.txt (text/plain) in GREG.REVIEW.HELP, moved to REVHELP/REVPDS
2025-04-04 04:53:43.224533 - Found REVPDSE.txt (text/plain) in GREG.REVIEW.HELP, moved to REVHELP/REVPDSE
2025-04-04 04:53:43.224686 - Found REVTSO.txt (text/plain) in GREG.REVIEW.HELP, moved to REVHELP/REVTSO
2025-04-04 04:53:43.224802 - Found REVUNIX.txt (text/plain) in GREG.REVIEW.HELP, moved to REVHELP/REVUNIX
2025-04-04 04:53:43.224853 - Found alias REVVSAM to REVIEW in GREG.REVIEW.HELP, moved to PDS/REVVSAM
2025-04-04 04:53:43.224979 - Found RFE.txt (text/plain) in GREG.REVIEW.HELP, moved to REVHELP/RFE
2025-04-04 04:53:43.226010 - Found REVIEWME.xmi (application/xmit) in SBGOLOB.CBT509.FILE134, moved to PDS/REVIEWME.xmi
2025-04-04 04:53:43.260911 - Received GREG.REVIEWME.DATA from REVIEWME.xmi 
2025-04-04 04:53:43.261612 - Found CIRCPOLR.gif (image/gif) in GREG.REVIEWME.DATA, moved to REVIEWME/CIRCPOLR
2025-04-04 04:53:43.261748 - Found DUCHBORD.gif (image/gif) in GREG.REVIEWME.DATA, moved to REVIEWME/DUCHBORD
2025-04-04 04:53:43.261906 - Found MJFROG.gif (image/gif) in GREG.REVIEWME.DATA, moved to REVIEWME/MJFROG
2025-04-04 04:53:43.262032 - Found REVPCX01.vnd.zbrush.pcx (image/vnd.zbrush.pcx) in GREG.REVIEWME.DATA, moved to REVIEWME/REVPCX01
2025-04-04 04:53:43.262144 - Found REVPCX02.vnd.zbrush.pcx (image/vnd.zbrush.pcx) in GREG.REVIEWME.DATA, moved to REVIEWME/REVPCX02
2025-04-04 04:53:43.262261 - Found REVPCX03.vnd.zbrush.pcx (image/vnd.zbrush.pcx) in GREG.REVIEWME.DATA, moved to REVIEWME/REVPCX03
2025-04-04 04:53:43.262378 - Found REVPCX04.vnd.zbrush.pcx (image/vnd.zbrush.pcx) in GREG.REVIEWME.DATA, moved to REVIEWME/REVPCX04
2025-04-04 04:53:43.262494 - Found REVPCX05.vnd.zbrush.pcx (image/vnd.zbrush.pcx) in GREG.REVIEWME.DATA, moved to REVIEWME/REVPCX05
2025-04-04 04:53:43.262603 - Found REVPCX06.vnd.zbrush.pcx (image/vnd.zbrush.pcx) in GREG.REVIEWME.DATA, moved to REVIEWME/REVPCX06
2025-04-04 04:53:43.262715 - Found REVPCX07.vnd.zbrush.pcx (image/vnd.zbrush.pcx) in GREG.REVIEWME.DATA, moved to REVIEWME/REVPCX07
2025-04-04 04:53:43.262839 - Found SPINHART.gif (image/gif) in GREG.REVIEWME.DATA, moved to REVIEWME/SPINHART
2025-04-04 04:53:43.264038 - Found REVPLIB.xmi (application/xmit) in SBGOLOB.CBT509.FILE134, moved to PDS/REVPLIB.xmi
2025-04-04 04:53:43.987440 - Received GREG.REVIEW.PANELS from REVPLIB.xmi 
2025-04-04 04:53:43.989998 - Found REV@PRIM.txt (text/plain) in GREG.REVIEW.PANELS, moved to REVPLIB/REV@PRIM
2025-04-04 04:53:43.990145 - Found REVFAQ.txt (text/plain) in GREG.REVIEW.PANELS, moved to REVPLIB/REVFAQ
2025-04-04 04:53:43.990277 - Found REVHBDT.txt (text/plain) in GREG.REVIEW.PANELS, moved to REVPLIB/REVHBDT
2025-04-04 04:53:43.990412 - Found REVHBGN.txt (text/plain) in GREG.REVIEW.PANELS, moved to REVPLIB/REVHBGN
2025-04-04 04:53:43.990529 - Found REVHB00.txt (text/plain) in GREG.REVIEW.PANELS, moved to REVPLIB/REVHB00
2025-04-04 04:53:43.990646 - Found REVHB01.txt (text/plain) in GREG.REVIEW.PANELS, moved to REVPLIB/REVHB01
2025-04-04 04:53:43.990817 - Found REVHB02.txt (text/plain) in GREG.REVIEW.PANELS, moved to REVPLIB/REVHB02
2025-04-04 04:53:43.990936 - Found REVHB03.txt (text/plain) in GREG.REVIEW.PANELS, moved to REVPLIB/REVHB03
2025-04-04 04:53:43.991049 - Found REVHB04.txt (text/plain) in GREG.REVIEW.PANELS, moved to REVPLIB/REVHB04
2025-04-04 04:53:43.991162 - Found REVHB04A.txt (text/plain) in GREG.REVIEW.PANELS, moved to REVPLIB/REVHB04A
2025-04-04 04:53:43.991281 - Found REVHB05.txt (text/plain) in GREG.REVIEW.PANELS, moved to REVPLIB/REVHB05
2025-04-04 04:53:43.991393 - Found REVHB05A.txt (text/plain) in GREG.REVIEW.PANELS, moved to REVPLIB/REVHB05A
2025-04-04 04:53:43.991503 - Found REVHB05B.txt (text/plain) in GREG.REVIEW.PANELS, moved to REVPLIB/REVHB05B
2025-04-04 04:53:43.991628 - Found REVHB06.txt (text/plain) in GREG.REVIEW.PANELS, moved to REVPLIB/REVHB06
2025-04-04 04:53:43.991742 - Found REVHB07.txt (text/plain) in GREG.REVIEW.PANELS, moved to REVPLIB/REVHB07
2025-04-04 04:53:43.991865 - Found REVHB07A.txt (text/plain) in GREG.REVIEW.PANELS, moved to REVPLIB/REVHB07A
2025-04-04 04:53:43.991993 - Found REVHB07B.txt (text/plain) in GREG.REVIEW.PANELS, moved to REVPLIB/REVHB07B
2025-04-04 04:53:43.992105 - Found REVHB07C.txt (text/plain) in GREG.REVIEW.PANELS, moved to REVPLIB/REVHB07C
2025-04-04 04:53:43.992214 - Found REVHB07D.txt (text/plain) in GREG.REVIEW.PANELS, moved to REVPLIB/REVHB07D
2025-04-04 04:53:43.992326 - Found REVHB07E.txt (text/plain) in GREG.REVIEW.PANELS, moved to REVPLIB/REVHB07E
2025-04-04 04:53:43.992460 - Found REVHB07F.txt (text/plain) in GREG.REVIEW.PANELS, moved to REVPLIB/REVHB07F
2025-04-04 04:53:43.992575 - Found REVHB08.txt (text/plain) in GREG.REVIEW.PANELS, moved to REVPLIB/REVHB08
2025-04-04 04:53:43.992691 - Found REVHB09.txt (text/plain) in GREG.REVIEW.PANELS, moved to REVPLIB/REVHB09
2025-04-04 04:53:43.992801 - Found REVHB10.txt (text/plain) in GREG.REVIEW.PANELS, moved to REVPLIB/REVHB10
2025-04-04 04:53:43.992942 - Found REVHB11.txt (text/plain) in GREG.REVIEW.PANELS, moved to REVPLIB/REVHB11
2025-04-04 04:53:43.993056 - Found REVHB12.txt (text/plain) in GREG.REVIEW.PANELS, moved to REVPLIB/REVHB12
2025-04-04 04:53:43.993165 - Found REVHEDT.txt (text/plain) in GREG.REVIEW.PANELS, moved to REVPLIB/REVHEDT
2025-04-04 04:53:43.993287 - Found REVHE00.txt (text/plain) in GREG.REVIEW.PANELS, moved to REVPLIB/REVHE00
2025-04-04 04:53:43.993399 - Found REVHE01.txt (text/plain) in GREG.REVIEW.PANELS, moved to REVPLIB/REVHE01
2025-04-04 04:53:43.993510 - Found REVHE02.txt (text/plain) in GREG.REVIEW.PANELS, moved to REVPLIB/REVHE02
2025-04-04 04:53:43.993621 - Found REVHE03.txt (text/plain) in GREG.REVIEW.PANELS, moved to REVPLIB/REVHE03
2025-04-04 04:53:43.993735 - Found REVHE04.txt (text/plain) in GREG.REVIEW.PANELS, moved to REVPLIB/REVHE04
2025-04-04 04:53:43.993852 - Found REVHE04A.txt (text/plain) in GREG.REVIEW.PANELS, moved to REVPLIB/REVHE04A
2025-04-04 04:53:43.993968 - Found REVHE05.txt (text/plain) in GREG.REVIEW.PANELS, moved to REVPLIB/REVHE05
2025-04-04 04:53:43.994089 - Found REVHE05A.txt (text/plain) in GREG.REVIEW.PANELS, moved to REVPLIB/REVHE05A
2025-04-04 04:53:43.994220 - Found REVHE05B.txt (text/plain) in GREG.REVIEW.PANELS, moved to REVPLIB/REVHE05B
2025-04-04 04:53:43.994330 - Found REVHE06.txt (text/plain) in GREG.REVIEW.PANELS, moved to REVPLIB/REVHE06
2025-04-04 04:53:43.994443 - Found REVHE07.txt (text/plain) in GREG.REVIEW.PANELS, moved to REVPLIB/REVHE07
2025-04-04 04:53:43.994559 - Found REVHE08.txt (text/plain) in GREG.REVIEW.PANELS, moved to REVPLIB/REVHE08
2025-04-04 04:53:43.994672 - Found REVHE09.txt (text/plain) in GREG.REVIEW.PANELS, moved to REVPLIB/REVHE09
2025-04-04 04:53:43.994782 - Found REVHE10.txt (text/plain) in GREG.REVIEW.PANELS, moved to REVPLIB/REVHE10
2025-04-04 04:53:43.994895 - Found REVHJDT.txt (text/plain) in GREG.REVIEW.PANELS, moved to REVPLIB/REVHJDT
2025-04-04 04:53:43.995002 - Found REVHJ00.txt (text/plain) in GREG.REVIEW.PANELS, moved to REVPLIB/REVHJ00
2025-04-04 04:53:43.995109 - Found REVHJ01.txt (text/plain) in GREG.REVIEW.PANELS, moved to REVPLIB/REVHJ01
2025-04-04 04:53:43.995232 - Found REVHJ02.txt (text/plain) in GREG.REVIEW.PANELS, moved to REVPLIB/REVHJ02
2025-04-04 04:53:43.995363 - Found REVHJ03.txt (text/plain) in GREG.REVIEW.PANELS, moved to REVPLIB/REVHJ03
2025-04-04 04:53:43.995484 - Found REVHODT.txt (text/plain) in GREG.REVIEW.PANELS, moved to REVPLIB/REVHODT
2025-04-04 04:53:43.995595 - Found REVHO00.txt (text/plain) in GREG.REVIEW.PANELS, moved to REVPLIB/REVHO00
2025-04-04 04:53:43.995702 - Found REVHO01.txt (text/plain) in GREG.REVIEW.PANELS, moved to REVPLIB/REVHO01
2025-04-04 04:53:43.995810 - Found REVHO02.txt (text/plain) in GREG.REVIEW.PANELS, moved to REVPLIB/REVHO02
2025-04-04 04:53:43.995915 - Found REVHO03.txt (text/plain) in GREG.REVIEW.PANELS, moved to REVPLIB/REVHO03
2025-04-04 04:53:43.996019 - Found REVHO04.txt (text/plain) in GREG.REVIEW.PANELS, moved to REVPLIB/REVHO04
2025-04-04 04:53:43.996128 - Found REVHO05.txt (text/plain) in GREG.REVIEW.PANELS, moved to REVPLIB/REVHO05
2025-04-04 04:53:43.996238 - Found REVHO06.txt (text/plain) in GREG.REVIEW.PANELS, moved to REVPLIB/REVHO06
2025-04-04 04:53:43.996366 - Found REVHO07.txt (text/plain) in GREG.REVIEW.PANELS, moved to REVPLIB/REVHO07
2025-04-04 04:53:43.996481 - Found REVHO08.txt (text/plain) in GREG.REVIEW.PANELS, moved to REVPLIB/REVHO08
2025-04-04 04:53:43.996596 - Found REVHPDT.txt (text/plain) in GREG.REVIEW.PANELS, moved to REVPLIB/REVHPDT
2025-04-04 04:53:43.996705 - Found REVHP00.txt (text/plain) in GREG.REVIEW.PANELS, moved to REVPLIB/REVHP00
2025-04-04 04:53:43.996815 - Found REVHP01.txt (text/plain) in GREG.REVIEW.PANELS, moved to REVPLIB/REVHP01
2025-04-04 04:53:43.996924 - Found REVHP02.txt (text/plain) in GREG.REVIEW.PANELS, moved to REVPLIB/REVHP02
2025-04-04 04:53:43.997041 - Found REVHP03.txt (text/plain) in GREG.REVIEW.PANELS, moved to REVPLIB/REVHP03
2025-04-04 04:53:43.997147 - Found REVHP04.txt (text/plain) in GREG.REVIEW.PANELS, moved to REVPLIB/REVHP04
2025-04-04 04:53:43.997257 - Found REVHP05.txt (text/plain) in GREG.REVIEW.PANELS, moved to REVPLIB/REVHP05
2025-04-04 04:53:43.997367 - Found REVHP06.txt (text/plain) in GREG.REVIEW.PANELS, moved to REVPLIB/REVHP06
2025-04-04 04:53:43.997481 - Found REVHP07.txt (text/plain) in GREG.REVIEW.PANELS, moved to REVPLIB/REVHP07
2025-04-04 04:53:43.997616 - Found REVHP08.txt (text/plain) in GREG.REVIEW.PANELS, moved to REVPLIB/REVHP08
2025-04-04 04:53:43.997724 - Found REVHP09.txt (text/plain) in GREG.REVIEW.PANELS, moved to REVPLIB/REVHP09
2025-04-04 04:53:43.997834 - Found REVHP10.txt (text/plain) in GREG.REVIEW.PANELS, moved to REVPLIB/REVHP10
2025-04-04 04:53:43.997941 - Found REVHUDT.txt (text/plain) in GREG.REVIEW.PANELS, moved to REVPLIB/REVHUDT
2025-04-04 04:53:43.998056 - Found REVHU00.txt (text/plain) in GREG.REVIEW.PANELS, moved to REVPLIB/REVHU00
2025-04-04 04:53:43.998173 - Found REVHU01.txt (text/plain) in GREG.REVIEW.PANELS, moved to REVPLIB/REVHU01
2025-04-04 04:53:43.998280 - Found REVHU02.txt (text/plain) in GREG.REVIEW.PANELS, moved to REVPLIB/REVHU02
2025-04-04 04:53:43.998386 - Found REVHU03.txt (text/plain) in GREG.REVIEW.PANELS, moved to REVPLIB/REVHU03
2025-04-04 04:53:43.998494 - Found REVHU04.txt (text/plain) in GREG.REVIEW.PANELS, moved to REVPLIB/REVHU04
2025-04-04 04:53:43.998613 - Found REVHU05.txt (text/plain) in GREG.REVIEW.PANELS, moved to REVPLIB/REVHU05
2025-04-04 04:53:43.998728 - Found REVHU06.txt (text/plain) in GREG.REVIEW.PANELS, moved to REVPLIB/REVHU06
2025-04-04 04:53:43.998833 - Found REVHU07.txt (text/plain) in GREG.REVIEW.PANELS, moved to REVPLIB/REVHU07
2025-04-04 04:53:43.998947 - Found REVLOGO.txt (text/plain) in GREG.REVIEW.PANELS, moved to REVPLIB/REVLOGO
2025-04-04 04:53:43.999074 - Found REVPANEL.txt (text/plain) in GREG.REVIEW.PANELS, moved to REVPLIB/REVPANEL
2025-04-04 04:53:43.999188 - Found REVPANL2.txt (text/plain) in GREG.REVIEW.PANELS, moved to REVPLIB/REVPANL2
2025-04-04 04:53:44.002160 - Found REVZLOAD.xmi (application/xmit) in SBGOLOB.CBT509.FILE134, moved to PDS/REVZLOAD.xmi
2025-04-04 04:53:44.141091 - Received GREG.REVIEWZ.LOAD from REVZLOAD.xmi 
2025-04-04 04:53:44.141799 - Found DELINKI.bin (application/octet-stream) in GREG.REVIEWZ.LOAD, moved to REVZLOAD/DELINKI
2025-04-04 04:53:44.141937 - Found DWNSPDSR.bin (application/octet-stream) in GREG.REVIEWZ.LOAD, moved to REVZLOAD/DWNSPDSR
2025-04-04 04:53:44.141993 - Found alias FSH to REVIEW in GREG.REVIEWZ.LOAD, moved to PDS/FSH
2025-04-04 04:53:44.142043 - Found alias FSHELP to REVIEW in GREG.REVIEWZ.LOAD, moved to PDS/FSHELP
2025-04-04 04:53:44.142088 - Found alias HEL to REVIEW in GREG.REVIEWZ.LOAD, moved to PDS/HEL
2025-04-04 04:53:44.142256 - Found OFFLMOD.bin (application/octet-stream) in GREG.REVIEWZ.LOAD, moved to REVZLOAD/OFFLMOD
2025-04-04 04:53:44.142302 - Found alias REV to REVIEW in GREG.REVIEWZ.LOAD, moved to PDS/REV
2025-04-04 04:53:44.142424 - Found REVCRW.bin (application/octet-stream) in GREG.REVIEWZ.LOAD, moved to REVZLOAD/REVCRW
2025-04-04 04:53:44.142476 - Found alias REVED to REVIEW in GREG.REVIEWZ.LOAD, moved to PDS/REVED
2025-04-04 04:53:44.142668 - Found REVIEW.bin (application/octet-stream) in GREG.REVIEWZ.LOAD, moved to REVZLOAD/REVIEW
2025-04-04 04:53:44.142717 - Found alias REVLEV to REVIEW in GREG.REVIEWZ.LOAD, moved to PDS/REVLEV
2025-04-04 04:53:44.142847 - Found REVLMOD.bin (application/octet-stream) in GREG.REVIEWZ.LOAD, moved to REVZLOAD/REVLMOD
2025-04-04 04:53:44.142962 - Found REVLPDS.bin (application/octet-stream) in GREG.REVIEWZ.LOAD, moved to REVZLOAD/REVLPDS
2025-04-04 04:53:44.143010 - Found alias REVOUT to REVIEW in GREG.REVIEWZ.LOAD, moved to PDS/REVOUT
2025-04-04 04:53:44.143125 - Found REVSMF.bin (application/octet-stream) in GREG.REVIEWZ.LOAD, moved to REVZLOAD/REVSMF
2025-04-04 04:53:44.143546 - Found REVSMFZ.bin (application/octet-stream) in GREG.REVIEWZ.LOAD, moved to REVZLOAD/REVSMFZ
2025-04-04 04:53:44.143697 - Found REVSMF7.bin (application/octet-stream) in GREG.REVIEWZ.LOAD, moved to REVZLOAD/REVSMF7
2025-04-04 04:53:44.143831 - Found REVTOCRD.bin (application/octet-stream) in GREG.REVIEWZ.LOAD, moved to REVZLOAD/REVTOCRD
2025-04-04 04:53:44.143884 - Found alias REVVSAM to REVIEW in GREG.REVIEWZ.LOAD, moved to PDS/REVVSAM
2025-04-04 04:53:44.143931 - Found alias RFE to REVIEW in GREG.REVIEWZ.LOAD, moved to PDS/RFE
2025-04-04 04:53:44.145547 - Found REV370LD.xmi (application/xmit) in SBGOLOB.CBT509.FILE134, moved to PDS/REV370LD.xmi
2025-04-04 04:53:44.188657 - Received GREG.REV370.LOAD from REV370LD.xmi 
2025-04-04 04:53:44.189101 - Found alias FSH to REVIEW in GREG.REV370.LOAD, moved to PDS/FSH
2025-04-04 04:53:44.189147 - Found alias FSHELP to REVIEW in GREG.REV370.LOAD, moved to PDS/FSHELP
2025-04-04 04:53:44.189187 - Found alias HEL to REVIEW in GREG.REV370.LOAD, moved to PDS/HEL
2025-04-04 04:53:44.189225 - Found alias REV to REVIEW in GREG.REV370.LOAD, moved to PDS/REV
2025-04-04 04:53:44.189396 - Found REVCRW.bin (application/octet-stream) in GREG.REV370.LOAD, moved to REV370LD/REVCRW
2025-04-04 04:53:44.189446 - Found alias REVED to REVIEW in GREG.REV370.LOAD, moved to PDS/REVED
2025-04-04 04:53:44.190163 - Found REVIEW.bin (application/octet-stream) in GREG.REV370.LOAD, moved to REV370LD/REVIEW
2025-04-04 04:53:44.190217 - Found alias REVLEV to REVIEW in GREG.REV370.LOAD, moved to PDS/REVLEV
2025-04-04 04:53:44.190339 - Found REVLMOD.bin (application/octet-stream) in GREG.REV370.LOAD, moved to REV370LD/REVLMOD
2025-04-04 04:53:44.190456 - Found REVLPDS.bin (application/octet-stream) in GREG.REV370.LOAD, moved to REV370LD/REVLPDS
2025-04-04 04:53:44.190502 - Found alias REVOUT to REVIEW in GREG.REV370.LOAD, moved to PDS/REVOUT
2025-04-04 04:53:44.190630 - Found REVSMF.bin (application/octet-stream) in GREG.REV370.LOAD, moved to REV370LD/REVSMF
2025-04-04 04:53:44.190791 - Found REVSMF7.bin (application/octet-stream) in GREG.REV370.LOAD, moved to REV370LD/REVSMF7
2025-04-04 04:53:44.190927 - Found REVTOCRD.bin (application/octet-stream) in GREG.REV370.LOAD, moved to REV370LD/REVTOCRD
2025-04-04 04:53:44.190977 - Found alias REVVSAM to REVIEW in GREG.REV370.LOAD, moved to PDS/REVVSAM
2025-04-04 04:53:44.191025 - Found alias RFE to REVIEW in GREG.REV370.LOAD, moved to PDS/RFE
2025-04-04 04:53:44.191792 - Found RIAWHO.txt (text/plain) in SBGOLOB.CBT509.FILE134, moved to PDS/RIAWHO
2025-04-04 04:53:44.191967 - Found RIAWHOD.txt (text/plain) in SBGOLOB.CBT509.FILE134, moved to PDS/RIAWHOD
2025-04-04 04:53:44.192142 - Found RIAWHOM.txt (text/plain) in SBGOLOB.CBT509.FILE134, moved to PDS/RIAWHOM
2025-04-04 04:53:44.192291 - Found RIAWHOS.txt (text/plain) in SBGOLOB.CBT509.FILE134, moved to PDS/RIAWHOS
2025-04-04 04:53:44.192428 - Found R062A10.bin (application/octet-stream) in SBGOLOB.CBT509.FILE134, moved to PDS/R062A10
2025-04-04 04:53:44.192573 - Found SCANX.txt (text/plain) in SBGOLOB.CBT509.FILE134, moved to PDS/SCANX
2025-04-04 04:53:44.192779 - Found SHOWDS.txt (text/plain) in SBGOLOB.CBT509.FILE134, moved to PDS/SHOWDS
2025-04-04 04:53:44.192916 - Found SHOWDS$.jcl (text/plain) in SBGOLOB.CBT509.FILE134, moved to PDS/SHOWDS$
2025-04-04 04:53:44.193106 - Found SKJ$LC00.txt (text/plain) in SBGOLOB.CBT509.FILE134, moved to PDS/SKJ$LC00
2025-04-04 04:53:44.193247 - Found SKJ$LC01.txt (text/plain) in SBGOLOB.CBT509.FILE134, moved to PDS/SKJ$LC01
2025-04-04 04:53:44.193446 - Found SKJ$LC02.txt (text/plain) in SBGOLOB.CBT509.FILE134, moved to PDS/SKJ$LC02
2025-04-04 04:53:44.193584 - Found SKJ$LC03.txt (text/plain) in SBGOLOB.CBT509.FILE134, moved to PDS/SKJ$LC03
2025-04-04 04:53:44.193768 - Found SKJ$LC04.txt (text/plain) in SBGOLOB.CBT509.FILE134, moved to PDS/SKJ$LC04
2025-04-04 04:53:44.193907 - Found SMFJBTIM.txt (text/plain) in SBGOLOB.CBT509.FILE134, moved to PDS/SMFJBTIM
2025-04-04 04:53:44.194063 - Found SNAKE.txt (text/plain) in SBGOLOB.CBT509.FILE134, moved to PDS/SNAKE
2025-04-04 04:53:44.194202 - Found SNAKE$.jcl (text/plain) in SBGOLOB.CBT509.FILE134, moved to PDS/SNAKE$
2025-04-04 04:53:44.194328 - Found SPGSMPE.txt (text/plain) in SBGOLOB.CBT509.FILE134, moved to PDS/SPGSMPE
2025-04-04 04:53:44.194446 - Found SPGSMPEP.txt (text/plain) in SBGOLOB.CBT509.FILE134, moved to PDS/SPGSMPEP
2025-04-04 04:53:44.194559 - Found SPGSMPE4.txt (text/plain) in SBGOLOB.CBT509.FILE134, moved to PDS/SPGSMPE4
2025-04-04 04:53:44.194677 - Found SPGSMPE5.txt (text/plain) in SBGOLOB.CBT509.FILE134, moved to PDS/SPGSMPE5
2025-04-04 04:53:44.194786 - Found SUPERLS@.jcl (text/plain) in SBGOLOB.CBT509.FILE134, moved to PDS/SUPERLS@
2025-04-04 04:53:44.194893 - Found SUPERLST.txt (text/plain) in SBGOLOB.CBT509.FILE134, moved to PDS/SUPERLST
2025-04-04 04:53:44.195048 - Found SVC56FE.txt (text/plain) in SBGOLOB.CBT509.FILE134, moved to PDS/SVC56FE
2025-04-04 04:53:44.195156 - Found SVC56FE$.jcl (text/plain) in SBGOLOB.CBT509.FILE134, moved to PDS/SVC56FE$
2025-04-04 04:53:44.195284 - Found SVC56LD$.jcl (text/plain) in SBGOLOB.CBT509.FILE134, moved to PDS/SVC56LD$
2025-04-04 04:53:44.195396 - Found SVC56LDR.txt (text/plain) in SBGOLOB.CBT509.FILE134, moved to PDS/SVC56LDR
2025-04-04 04:53:44.195536 - Found SVMDSSU.txt (text/plain) in SBGOLOB.CBT509.FILE134, moved to PDS/SVMDSSU
2025-04-04 04:53:44.195666 - Found S062A10.txt (text/plain) in SBGOLOB.CBT509.FILE134, moved to PDS/S062A10
2025-04-04 04:53:44.195777 - Found S062A10$.jcl (text/plain) in SBGOLOB.CBT509.FILE134, moved to PDS/S062A10$
2025-04-04 04:53:44.195886 - Found S062A10#.bin (application/octet-stream) in SBGOLOB.CBT509.FILE134, moved to PDS/S062A10#
2025-04-04 04:53:44.196013 - Found TERMTEST.txt (text/plain) in SBGOLOB.CBT509.FILE134, moved to PDS/TERMTEST
2025-04-04 04:53:44.196121 - Found TERMTYPE.txt (text/plain) in SBGOLOB.CBT509.FILE134, moved to PDS/TERMTYPE
2025-04-04 04:53:44.196237 - Found TESTDCS.txt (text/plain) in SBGOLOB.CBT509.FILE134, moved to PDS/TESTDCS
2025-04-04 04:53:44.196366 - Found TESTLSTI.jcl (text/plain) in SBGOLOB.CBT509.FILE134, moved to PDS/TESTLSTI
2025-04-04 04:53:44.196492 - Found TEWM.txt (text/plain) in SBGOLOB.CBT509.FILE134, moved to PDS/TEWM
2025-04-04 04:53:44.196651 - Found TSDCUT10.txt (text/plain) in SBGOLOB.CBT509.FILE134, moved to PDS/TSDCUT10
2025-04-04 04:53:44.196804 - Found TSDCUT30.txt (text/plain) in SBGOLOB.CBT509.FILE134, moved to PDS/TSDCUT30
2025-04-04 04:53:44.196913 - Found TSDMU00.txt (text/plain) in SBGOLOB.CBT509.FILE134, moved to PDS/TSDMU00
2025-04-04 04:53:44.197022 - Found TSDMU01.txt (text/plain) in SBGOLOB.CBT509.FILE134, moved to PDS/TSDMU01
2025-04-04 04:53:44.197131 - Found TSDMU02.txt (text/plain) in SBGOLOB.CBT509.FILE134, moved to PDS/TSDMU02
2025-04-04 04:53:44.197243 - Found TSDPUT10.txt (text/plain) in SBGOLOB.CBT509.FILE134, moved to PDS/TSDPUT10
2025-04-04 04:53:44.197357 - Found TSDPUT11.txt (text/plain) in SBGOLOB.CBT509.FILE134, moved to PDS/TSDPUT11
2025-04-04 04:53:44.197484 - Found TSDPUT12.txt (text/plain) in SBGOLOB.CBT509.FILE134, moved to PDS/TSDPUT12
2025-04-04 04:53:44.197593 - Found TSDPUT13.txt (text/plain) in SBGOLOB.CBT509.FILE134, moved to PDS/TSDPUT13
2025-04-04 04:53:44.197723 - Found TSDPUT14.txt (text/plain) in SBGOLOB.CBT509.FILE134, moved to PDS/TSDPUT14
2025-04-04 04:53:44.197830 - Found TSDPUT15.txt (text/plain) in SBGOLOB.CBT509.FILE134, moved to PDS/TSDPUT15
2025-04-04 04:53:44.197940 - Found TSDPUT16.txt (text/plain) in SBGOLOB.CBT509.FILE134, moved to PDS/TSDPUT16
2025-04-04 04:53:44.198051 - Found TSDPUT20.txt (text/plain) in SBGOLOB.CBT509.FILE134, moved to PDS/TSDPUT20
2025-04-04 04:53:44.198157 - Found TSDPUT30.txt (text/plain) in SBGOLOB.CBT509.FILE134, moved to PDS/TSDPUT30
2025-04-04 04:53:44.198264 - Found TSDPUT31.txt (text/plain) in SBGOLOB.CBT509.FILE134, moved to PDS/TSDPUT31
2025-04-04 04:53:44.198374 - Found TSDPUT35.txt (text/plain) in SBGOLOB.CBT509.FILE134, moved to PDS/TSDPUT35
2025-04-04 04:53:44.198495 - Found TSDPUT36.txt (text/plain) in SBGOLOB.CBT509.FILE134, moved to PDS/TSDPUT36
2025-04-04 04:53:44.198620 - Found TSDPUT37.txt (text/plain) in SBGOLOB.CBT509.FILE134, moved to PDS/TSDPUT37
2025-04-04 04:53:44.198730 - Found TSOPNAME.txt (text/plain) in SBGOLOB.CBT509.FILE134, moved to PDS/TSOPNAME
2025-04-04 04:53:44.198888 - Found UIDSTR.txt (text/plain) in SBGOLOB.CBT509.FILE134, moved to PDS/UIDSTR
2025-04-04 04:53:44.198998 - Found VIEW.txt (text/plain) in SBGOLOB.CBT509.FILE134, moved to PDS/VIEW
2025-04-04 04:53:44.199152 - Found VMUCBZAP.txt (text/plain) in SBGOLOB.CBT509.FILE134, moved to PDS/VMUCBZAP
2025-04-04 04:53:44.199289 - Found WORM.txt (text/plain) in SBGOLOB.CBT509.FILE134, moved to PDS/WORM
2025-04-04 04:53:44.199397 - Found WORM$.jcl (text/plain) in SBGOLOB.CBT509.FILE134, moved to PDS/WORM$
2025-04-04 04:53:44.199505 - Found XDATEDIT.txt (text/plain) in SBGOLOB.CBT509.FILE134, moved to PDS/XDATEDIT
2025-04-04 04:53:44.199626 - Found XPRCLOSE.txt (text/plain) in SBGOLOB.CBT509.FILE134, moved to PDS/XPRCLOSE
2025-04-04 04:53:44.199746 - Found XPRDCB.txt (text/plain) in SBGOLOB.CBT509.FILE134, moved to PDS/XPRDCB
2025-04-04 04:53:44.199864 - Found XPREJECT.txt (text/plain) in SBGOLOB.CBT509.FILE134, moved to PDS/XPREJECT
2025-04-04 04:53:44.199973 - Found XPRHEAD.txt (text/plain) in SBGOLOB.CBT509.FILE134, moved to PDS/XPRHEAD
2025-04-04 04:53:44.200081 - Found XPRINNRA.txt (text/plain) in SBGOLOB.CBT509.FILE134, moved to PDS/XPRINNRA
2025-04-04 04:53:44.200193 - Found XPRLDEF.txt (text/plain) in SBGOLOB.CBT509.FILE134, moved to PDS/XPRLDEF
2025-04-04 04:53:44.200306 - Found XPRLIST.txt (text/plain) in SBGOLOB.CBT509.FILE134, moved to PDS/XPRLIST
2025-04-04 04:53:44.200412 - Found XPRMOD.txt (text/plain) in SBGOLOB.CBT509.FILE134, moved to PDS/XPRMOD
2025-04-04 04:53:44.200518 - Found XPRNTLIN.txt (text/plain) in SBGOLOB.CBT509.FILE134, moved to PDS/XPRNTLIN
2025-04-04 04:53:44.200633 - Found XPRNTSUB.txt (text/plain) in SBGOLOB.CBT509.FILE134, moved to PDS/XPRNTSUB
2025-04-04 04:53:44.200756 - Found XPROPEN.txt (text/plain) in SBGOLOB.CBT509.FILE134, moved to PDS/XPROPEN
2025-04-04 04:53:44.200889 - Found XPRSPACE.txt (text/plain) in SBGOLOB.CBT509.FILE134, moved to PDS/XPRSPACE
2025-04-04 04:53:44.201014 - Found XSPLIT.txt (text/plain) in SBGOLOB.CBT509.FILE134, moved to PDS/XSPLIT
2025-04-04 04:53:44.201165 - Found XVTCLIST.txt (text/plain) in SBGOLOB.CBT509.FILE134, moved to PDS/XVTCLIST
2025-04-04 04:53:44.201289 - Found XVTCLOG.txt (text/plain) in SBGOLOB.CBT509.FILE134, moved to PDS/XVTCLOG
2025-04-04 04:53:44.201424 - Found XVTCREAD.txt (text/plain) in SBGOLOB.CBT509.FILE134, moved to PDS/XVTCREAD
2025-04-04 04:53:44.201552 - Found XVTOCASM.jcl (text/plain) in SBGOLOB.CBT509.FILE134, moved to PDS/XVTOCASM
2025-04-04 04:53:44.201767 - Found ZAP.x-dosexec (application/x-dosexec) in SBGOLOB.CBT509.FILE134, moved to PDS/ZAP
2025-04-04 04:53:44.201899 - Found ZAP$.jcl (text/plain) in SBGOLOB.CBT509.FILE134, moved to PDS/ZAP$
2025-04-04 04:53:44.202021 - Found ZAP$$.jcl (text/plain) in SBGOLOB.CBT509.FILE134, moved to PDS/ZAP$$
2025-04-04 04:53:44.202148 - Found ZAP$DOC.txt (text/plain) in SBGOLOB.CBT509.FILE134, moved to PDS/ZAP$DOC
2025-04-04 04:53:44.202260 - Found ZAP#.txt (text/plain) in SBGOLOB.CBT509.FILE134, moved to PDS/ZAP#
